<?xml version="1.0" encoding="UTF-8"?>
<testng-results skipped="0" failed="0" ignored="0" total="1" passed="1">
  <reporter-output>
  </reporter-output>
  <suite name="Suite" duration-ms="76063" started-at="2019-06-03T06:24:54Z" finished-at="2019-06-03T06:26:10Z">
    <groups>
    </groups>
    <test name="Test" duration-ms="76063" started-at="2019-06-03T06:24:54Z" finished-at="2019-06-03T06:26:10Z">
      <class name="mavendemo.Demo">
        <test-method status="PASS" signature="openBrowser()[pri:0, instance:mavendemo.Demo@724af044]" name="openBrowser" duration-ms="76006" started-at="2019-06-03T06:24:54Z" finished-at="2019-06-03T06:26:10Z">
          <reporter-output>
          </reporter-output>
        </test-method> <!-- openBrowser -->
      </class> <!-- mavendemo.Demo -->
    </test> <!-- Test -->
  </suite> <!-- Suite -->
</testng-results>
